0 info it worked if it ends with ok
1 verbose cli [ 'node', '/usr/local/bin/npm', 'install' ]
2 info using npm@1.4.28
3 info using node@v0.10.35
4 verbose readDependencies using package.json deps
5 verbose install where, deps [ '/Users/henrywong/Desktop/CriticalShadow',
5 verbose install   [ 'body-parser', 'express', 'mysql', 'request', 'sequelize' ] ]
6 info preinstall CriticalShadow@1.0.0
7 verbose readDependencies using package.json deps
8 verbose cache add [ 'body-parser@^1.10.2', null ]
9 verbose cache add name=undefined spec="body-parser@^1.10.2" args=["body-parser@^1.10.2",null]
10 verbose parsed url { protocol: null,
10 verbose parsed url   slashes: null,
10 verbose parsed url   auth: null,
10 verbose parsed url   host: null,
10 verbose parsed url   port: null,
10 verbose parsed url   hostname: null,
10 verbose parsed url   hash: null,
10 verbose parsed url   search: null,
10 verbose parsed url   query: null,
10 verbose parsed url   pathname: 'body-parser@^1.10.2',
10 verbose parsed url   path: 'body-parser@^1.10.2',
10 verbose parsed url   href: 'body-parser@^1.10.2' }
11 verbose cache add [ 'express@~4.11.1', null ]
12 verbose cache add name=undefined spec="express@~4.11.1" args=["express@~4.11.1",null]
13 verbose parsed url { protocol: null,
13 verbose parsed url   slashes: null,
13 verbose parsed url   auth: null,
13 verbose parsed url   host: null,
13 verbose parsed url   port: null,
13 verbose parsed url   hostname: null,
13 verbose parsed url   hash: null,
13 verbose parsed url   search: null,
13 verbose parsed url   query: null,
13 verbose parsed url   pathname: 'express@~4.11.1',
13 verbose parsed url   path: 'express@~4.11.1',
13 verbose parsed url   href: 'express@~4.11.1' }
14 verbose cache add [ 'mysql@^2.5.4', null ]
15 verbose cache add name=undefined spec="mysql@^2.5.4" args=["mysql@^2.5.4",null]
16 verbose parsed url { protocol: null,
16 verbose parsed url   slashes: null,
16 verbose parsed url   auth: null,
16 verbose parsed url   host: null,
16 verbose parsed url   port: null,
16 verbose parsed url   hostname: null,
16 verbose parsed url   hash: null,
16 verbose parsed url   search: null,
16 verbose parsed url   query: null,
16 verbose parsed url   pathname: 'mysql@^2.5.4',
16 verbose parsed url   path: 'mysql@^2.5.4',
16 verbose parsed url   href: 'mysql@^2.5.4' }
17 verbose cache add [ 'request@^2.51.0', null ]
18 verbose cache add name=undefined spec="request@^2.51.0" args=["request@^2.51.0",null]
19 verbose parsed url { protocol: null,
19 verbose parsed url   slashes: null,
19 verbose parsed url   auth: null,
19 verbose parsed url   host: null,
19 verbose parsed url   port: null,
19 verbose parsed url   hostname: null,
19 verbose parsed url   hash: null,
19 verbose parsed url   search: null,
19 verbose parsed url   query: null,
19 verbose parsed url   pathname: 'request@^2.51.0',
19 verbose parsed url   path: 'request@^2.51.0',
19 verbose parsed url   href: 'request@^2.51.0' }
20 verbose cache add [ 'sequelize@^2.0.0-rc8', null ]
21 verbose cache add name=undefined spec="sequelize@^2.0.0-rc8" args=["sequelize@^2.0.0-rc8",null]
22 verbose parsed url { protocol: null,
22 verbose parsed url   slashes: null,
22 verbose parsed url   auth: null,
22 verbose parsed url   host: null,
22 verbose parsed url   port: null,
22 verbose parsed url   hostname: null,
22 verbose parsed url   hash: null,
22 verbose parsed url   search: null,
22 verbose parsed url   query: null,
22 verbose parsed url   pathname: 'sequelize@^2.0.0-rc8',
22 verbose parsed url   path: 'sequelize@^2.0.0-rc8',
22 verbose parsed url   href: 'sequelize@^2.0.0-rc8' }
23 verbose cache add name="body-parser" spec="^1.10.2" args=["body-parser","^1.10.2"]
24 verbose parsed url { protocol: null,
24 verbose parsed url   slashes: null,
24 verbose parsed url   auth: null,
24 verbose parsed url   host: null,
24 verbose parsed url   port: null,
24 verbose parsed url   hostname: null,
24 verbose parsed url   hash: null,
24 verbose parsed url   search: null,
24 verbose parsed url   query: null,
24 verbose parsed url   pathname: '^1.10.2',
24 verbose parsed url   path: '^1.10.2',
24 verbose parsed url   href: '^1.10.2' }
25 verbose addNamed [ 'body-parser', '^1.10.2' ]
26 verbose addNamed [ null, '>=1.10.2-0 <2.0.0-0' ]
27 verbose cache add name="express" spec="~4.11.1" args=["express","~4.11.1"]
28 verbose parsed url { protocol: null,
28 verbose parsed url   slashes: null,
28 verbose parsed url   auth: null,
28 verbose parsed url   host: null,
28 verbose parsed url   port: null,
28 verbose parsed url   hostname: null,
28 verbose parsed url   hash: null,
28 verbose parsed url   search: null,
28 verbose parsed url   query: null,
28 verbose parsed url   pathname: '~4.11.1',
28 verbose parsed url   path: '~4.11.1',
28 verbose parsed url   href: '~4.11.1' }
29 verbose addNamed [ 'express', '~4.11.1' ]
30 verbose addNamed [ null, '>=4.11.1-0 <4.12.0-0' ]
31 verbose cache add name="mysql" spec="^2.5.4" args=["mysql","^2.5.4"]
32 verbose parsed url { protocol: null,
32 verbose parsed url   slashes: null,
32 verbose parsed url   auth: null,
32 verbose parsed url   host: null,
32 verbose parsed url   port: null,
32 verbose parsed url   hostname: null,
32 verbose parsed url   hash: null,
32 verbose parsed url   search: null,
32 verbose parsed url   query: null,
32 verbose parsed url   pathname: '^2.5.4',
32 verbose parsed url   path: '^2.5.4',
32 verbose parsed url   href: '^2.5.4' }
33 verbose addNamed [ 'mysql', '^2.5.4' ]
34 verbose addNamed [ null, '>=2.5.4-0 <3.0.0-0' ]
35 verbose cache add name="request" spec="^2.51.0" args=["request","^2.51.0"]
36 verbose parsed url { protocol: null,
36 verbose parsed url   slashes: null,
36 verbose parsed url   auth: null,
36 verbose parsed url   host: null,
36 verbose parsed url   port: null,
36 verbose parsed url   hostname: null,
36 verbose parsed url   hash: null,
36 verbose parsed url   search: null,
36 verbose parsed url   query: null,
36 verbose parsed url   pathname: '^2.51.0',
36 verbose parsed url   path: '^2.51.0',
36 verbose parsed url   href: '^2.51.0' }
37 verbose addNamed [ 'request', '^2.51.0' ]
38 verbose addNamed [ null, '>=2.51.0-0 <3.0.0-0' ]
39 verbose cache add name="sequelize" spec="^2.0.0-rc8" args=["sequelize","^2.0.0-rc8"]
40 verbose parsed url { protocol: null,
40 verbose parsed url   slashes: null,
40 verbose parsed url   auth: null,
40 verbose parsed url   host: null,
40 verbose parsed url   port: null,
40 verbose parsed url   hostname: null,
40 verbose parsed url   hash: null,
40 verbose parsed url   search: null,
40 verbose parsed url   query: null,
40 verbose parsed url   pathname: '^2.0.0-rc8',
40 verbose parsed url   path: '^2.0.0-rc8',
40 verbose parsed url   href: '^2.0.0-rc8' }
41 verbose addNamed [ 'sequelize', '^2.0.0-rc8' ]
42 verbose addNamed [ null, '>=2.0.0-rc8 <3.0.0-0' ]
43 silly lockFile d5d6cae9-body-parser-1-10-2 body-parser@^1.10.2
44 verbose lock body-parser@^1.10.2 /Users/henrywong/.npm/d5d6cae9-body-parser-1-10-2.lock
45 silly lockFile 494d735c-express-4-11-1 express@~4.11.1
46 verbose lock express@~4.11.1 /Users/henrywong/.npm/494d735c-express-4-11-1.lock
47 silly lockFile 8487008d-mysql-2-5-4 mysql@^2.5.4
48 verbose lock mysql@^2.5.4 /Users/henrywong/.npm/8487008d-mysql-2-5-4.lock
49 silly lockFile 760a03cb-request-2-51-0 request@^2.51.0
50 verbose lock request@^2.51.0 /Users/henrywong/.npm/760a03cb-request-2-51-0.lock
51 silly lockFile 3b5745d6-sequelize-2-0-0-rc8 sequelize@^2.0.0-rc8
52 verbose lock sequelize@^2.0.0-rc8 /Users/henrywong/.npm/3b5745d6-sequelize-2-0-0-rc8.lock
53 silly addNameRange { name: 'body-parser',
53 silly addNameRange   range: '>=1.10.2-0 <2.0.0-0',
53 silly addNameRange   hasData: false }
54 silly addNameRange { name: 'express',
54 silly addNameRange   range: '>=4.11.1-0 <4.12.0-0',
54 silly addNameRange   hasData: false }
55 silly addNameRange { name: 'mysql', range: '>=2.5.4-0 <3.0.0-0', hasData: false }
56 silly addNameRange { name: 'sequelize',
56 silly addNameRange   range: '>=2.0.0-rc8 <3.0.0-0',
56 silly addNameRange   hasData: false }
57 silly addNameRange { name: 'request', range: '>=2.51.0-0 <3.0.0-0', hasData: false }
58 verbose request where is /body-parser
59 verbose request registry https://registry.npmjs.org/
60 verbose request id 81ce0c32f9003522
61 verbose url raw /body-parser
62 verbose url resolving [ 'https://registry.npmjs.org/', './body-parser' ]
63 verbose url resolved https://registry.npmjs.org/body-parser
64 verbose request where is https://registry.npmjs.org/body-parser
65 info trying registry request attempt 1 at 16:05:29
66 verbose etag "AM92QHQ3G80IUM6R67XRWM24C"
67 http GET https://registry.npmjs.org/body-parser
68 verbose request where is /mysql
69 verbose request registry https://registry.npmjs.org/
70 verbose url raw /mysql
71 verbose url resolving [ 'https://registry.npmjs.org/', './mysql' ]
72 verbose url resolved https://registry.npmjs.org/mysql
73 verbose request where is https://registry.npmjs.org/mysql
74 info trying registry request attempt 1 at 16:05:29
75 verbose etag "IKYV21CFNNDHRRUL8SVK47RR"
76 http GET https://registry.npmjs.org/mysql
77 verbose request where is /express
78 verbose request registry https://registry.npmjs.org/
79 verbose url raw /express
80 verbose url resolving [ 'https://registry.npmjs.org/', './express' ]
81 verbose url resolved https://registry.npmjs.org/express
82 verbose request where is https://registry.npmjs.org/express
83 info trying registry request attempt 1 at 16:05:29
84 verbose etag "B800K759FX9RE3EVNR7D09CWM"
85 http GET https://registry.npmjs.org/express
86 verbose request where is /sequelize
87 verbose request registry https://registry.npmjs.org/
88 verbose url raw /sequelize
89 verbose url resolving [ 'https://registry.npmjs.org/', './sequelize' ]
90 verbose url resolved https://registry.npmjs.org/sequelize
91 verbose request where is https://registry.npmjs.org/sequelize
92 info trying registry request attempt 1 at 16:05:29
93 verbose etag "6CZX9UYTKR6R77AY2CZ9QVEN"
94 http GET https://registry.npmjs.org/sequelize
95 verbose request where is /request
96 verbose request registry https://registry.npmjs.org/
97 verbose url raw /request
98 verbose url resolving [ 'https://registry.npmjs.org/', './request' ]
99 verbose url resolved https://registry.npmjs.org/request
100 verbose request where is https://registry.npmjs.org/request
101 info trying registry request attempt 1 at 16:05:30
102 verbose etag "2ITM4AMTL20AYHVYFP4H8MX2F"
103 http GET https://registry.npmjs.org/request
104 http 304 https://registry.npmjs.org/mysql
105 silly registry.get cb [ 304,
105 silly registry.get   { date: 'Sat, 24 Jan 2015 00:05:30 GMT',
105 silly registry.get     server: 'Apache',
105 silly registry.get     via: '1.1 varnish',
105 silly registry.get     'last-modified': 'Sat, 24 Jan 2015 00:05:30 GMT',
105 silly registry.get     'cache-control': 'max-age=60',
105 silly registry.get     etag: '"IKYV21CFNNDHRRUL8SVK47RR"',
105 silly registry.get     age: '40',
105 silly registry.get     'x-served-by': 'cache-sjc3126-SJC',
105 silly registry.get     'x-cache': 'HIT',
105 silly registry.get     'x-cache-hits': '1',
105 silly registry.get     'x-timer': 'S1422057930.879287,VS0,VE0',
105 silly registry.get     vary: 'Accept',
105 silly registry.get     'content-length': '0',
105 silly registry.get     'keep-alive': 'timeout=10, max=50',
105 silly registry.get     connection: 'Keep-Alive' } ]
106 verbose etag https://registry.npmjs.org/mysql from cache
107 silly addNameRange number 2 { name: 'mysql', range: '>=2.5.4-0 <3.0.0-0', hasData: true }
108 silly addNameRange versions [ 'mysql',
108 silly addNameRange   [ '0.1.0',
108 silly addNameRange     '0.2.0',
108 silly addNameRange     '0.3.0',
108 silly addNameRange     '0.4.0',
108 silly addNameRange     '0.5.0',
108 silly addNameRange     '0.6.0',
108 silly addNameRange     '0.7.0',
108 silly addNameRange     '0.8.0',
108 silly addNameRange     '0.9.0',
108 silly addNameRange     '0.9.1',
108 silly addNameRange     '0.9.2',
108 silly addNameRange     '0.9.3',
108 silly addNameRange     '0.9.4',
108 silly addNameRange     '0.9.5',
108 silly addNameRange     '0.9.6',
108 silly addNameRange     '2.0.0-alpha',
108 silly addNameRange     '2.0.0-alpha2',
108 silly addNameRange     '2.0.0-alpha3',
108 silly addNameRange     '2.0.0-alpha4',
108 silly addNameRange     '2.0.0-alpha5',
108 silly addNameRange     '2.0.0-alpha6',
108 silly addNameRange     '2.0.0-alpha7',
108 silly addNameRange     '2.0.0-alpha8',
108 silly addNameRange     '2.0.0-alpha9',
108 silly addNameRange     '2.0.0-rc1',
108 silly addNameRange     '2.0.0-rc2',
108 silly addNameRange     '2.0.0',
108 silly addNameRange     '2.0.1',
108 silly addNameRange     '2.1.0',
108 silly addNameRange     '2.1.1',
108 silly addNameRange     '2.2.0',
108 silly addNameRange     '2.3.0',
108 silly addNameRange     '2.3.1',
108 silly addNameRange     '2.3.2',
108 silly addNameRange     '2.4.0',
108 silly addNameRange     '2.4.1',
108 silly addNameRange     '2.4.2',
108 silly addNameRange     '2.4.3',
108 silly addNameRange     '2.5.0',
108 silly addNameRange     '2.5.1',
108 silly addNameRange     '2.5.2',
108 silly addNameRange     '2.5.3',
108 silly addNameRange     '2.5.4' ] ]
109 verbose addNamed [ 'mysql', '2.5.4' ]
110 verbose addNamed [ '2.5.4', '2.5.4' ]
111 silly lockFile ab38f2ba-mysql-2-5-4 mysql@2.5.4
112 verbose lock mysql@2.5.4 /Users/henrywong/.npm/ab38f2ba-mysql-2-5-4.lock
113 silly lockFile ab38f2ba-mysql-2-5-4 mysql@2.5.4
114 silly lockFile ab38f2ba-mysql-2-5-4 mysql@2.5.4
115 silly lockFile 8487008d-mysql-2-5-4 mysql@^2.5.4
116 silly lockFile 8487008d-mysql-2-5-4 mysql@^2.5.4
117 http 200 https://registry.npmjs.org/body-parser
118 silly registry.get cb [ 200,
118 silly registry.get   { date: 'Sat, 24 Jan 2015 00:05:30 GMT',
118 silly registry.get     server: 'CouchDB/1.5.0 (Erlang OTP/R16B03)',
118 silly registry.get     etag: '"XJOGO54YFQ0Z2ZJ6NMTXWZSM"',
118 silly registry.get     'content-type': 'application/json',
118 silly registry.get     'cache-control': 'max-age=60',
118 silly registry.get     'content-length': '79859',
118 silly registry.get     'accept-ranges': 'bytes',
118 silly registry.get     via: '1.1 varnish',
118 silly registry.get     age: '44',
118 silly registry.get     'x-served-by': 'cache-sjc3122-SJC',
118 silly registry.get     'x-cache': 'HIT',
118 silly registry.get     'x-cache-hits': '3',
118 silly registry.get     'x-timer': 'S1422057930.878950,VS0,VE0',
118 silly registry.get     vary: 'Accept',
118 silly registry.get     'keep-alive': 'timeout=10, max=50',
118 silly registry.get     connection: 'Keep-Alive' } ]
119 silly addNameRange number 2 { name: 'body-parser',
119 silly addNameRange   range: '>=1.10.2-0 <2.0.0-0',
119 silly addNameRange   hasData: true }
120 silly addNameRange versions [ 'body-parser',
120 silly addNameRange   [ '1.0.0',
120 silly addNameRange     '1.0.1',
120 silly addNameRange     '1.0.2',
120 silly addNameRange     '1.1.0',
120 silly addNameRange     '1.1.1',
120 silly addNameRange     '1.1.2',
120 silly addNameRange     '1.2.0',
120 silly addNameRange     '1.2.1',
120 silly addNameRange     '1.2.2',
120 silly addNameRange     '1.3.0',
120 silly addNameRange     '1.3.1',
120 silly addNameRange     '1.4.0',
120 silly addNameRange     '1.4.1',
120 silly addNameRange     '1.4.2',
120 silly addNameRange     '1.4.3',
120 silly addNameRange     '1.5.0',
120 silly addNameRange     '1.5.1',
120 silly addNameRange     '1.5.2',
120 silly addNameRange     '1.6.0',
120 silly addNameRange     '1.6.1',
120 silly addNameRange     '1.6.2',
120 silly addNameRange     '1.6.3',
120 silly addNameRange     '1.6.4',
120 silly addNameRange     '1.6.5',
120 silly addNameRange     '1.6.6',
120 silly addNameRange     '1.6.7',
120 silly addNameRange     '1.7.0',
120 silly addNameRange     '1.8.0',
120 silly addNameRange     '1.8.1',
120 silly addNameRange     '1.8.2',
120 silly addNameRange     '1.8.3',
120 silly addNameRange     '1.8.4',
120 silly addNameRange     '1.9.0',
120 silly addNameRange     '1.9.1',
120 silly addNameRange     '1.9.2',
120 silly addNameRange     '1.9.3',
120 silly addNameRange     '1.10.0',
120 silly addNameRange     '1.10.1',
120 silly addNameRange     '1.10.2' ] ]
121 verbose addNamed [ 'body-parser', '1.10.2' ]
122 verbose addNamed [ '1.10.2', '1.10.2' ]
123 silly lockFile 6255e82a-body-parser-1-10-2 body-parser@1.10.2
124 verbose lock body-parser@1.10.2 /Users/henrywong/.npm/6255e82a-body-parser-1-10-2.lock
125 silly lockFile 76df2ab8-dy-parser-body-parser-1-10-2-tgz https://registry.npmjs.org/body-parser/-/body-parser-1.10.2.tgz
126 verbose lock https://registry.npmjs.org/body-parser/-/body-parser-1.10.2.tgz /Users/henrywong/.npm/76df2ab8-dy-parser-body-parser-1-10-2-tgz.lock
127 verbose addRemoteTarball [ 'https://registry.npmjs.org/body-parser/-/body-parser-1.10.2.tgz',
127 verbose addRemoteTarball   '405d465fcd3ccf0ea8a35adbf1055f6e98316bd1' ]
128 info retry fetch attempt 1 at 16:05:30
129 verbose fetch to= /var/folders/mt/kwq0tj_j38zcwv_sj2prctfr0000gn/T/npm-4540-vs6UgbJW/registry.npmjs.org/body-parser/-/body-parser-1.10.2.tgz
130 http GET https://registry.npmjs.org/body-parser/-/body-parser-1.10.2.tgz
131 http 200 https://registry.npmjs.org/request
132 silly registry.get cb [ 200,
132 silly registry.get   { date: 'Sat, 24 Jan 2015 00:05:30 GMT',
132 silly registry.get     server: 'CouchDB/1.5.0 (Erlang OTP/R16B03)',
132 silly registry.get     etag: '"C8MFXSX6TX3OI4QDXPO7TKHM0"',
132 silly registry.get     'content-type': 'application/json',
132 silly registry.get     'cache-control': 'max-age=60',
132 silly registry.get     'content-length': '133570',
132 silly registry.get     'accept-ranges': 'bytes',
132 silly registry.get     via: '1.1 varnish',
132 silly registry.get     age: '18',
132 silly registry.get     'x-served-by': 'cache-sjc3122-SJC',
132 silly registry.get     'x-cache': 'HIT',
132 silly registry.get     'x-cache-hits': '2',
132 silly registry.get     'x-timer': 'S1422057930.886425,VS0,VE0',
132 silly registry.get     vary: 'Accept',
132 silly registry.get     'keep-alive': 'timeout=10, max=50',
132 silly registry.get     connection: 'Keep-Alive' } ]
133 silly addNameRange number 2 { name: 'request', range: '>=2.51.0-0 <3.0.0-0', hasData: true }
134 silly addNameRange versions [ 'request',
134 silly addNameRange   [ '0.10.0',
134 silly addNameRange     '0.8.3',
134 silly addNameRange     '0.9.0',
134 silly addNameRange     '0.9.1',
134 silly addNameRange     '0.9.5',
134 silly addNameRange     '1.0.0',
134 silly addNameRange     '1.1.0',
134 silly addNameRange     '1.1.1',
134 silly addNameRange     '1.2.0',
134 silly addNameRange     '1.9.0',
134 silly addNameRange     '1.9.1',
134 silly addNameRange     '1.9.2',
134 silly addNameRange     '1.9.3',
134 silly addNameRange     '1.9.5',
134 silly addNameRange     '1.9.7',
134 silly addNameRange     '1.9.8',
134 silly addNameRange     '1.9.9',
134 silly addNameRange     '2.0.0',
134 silly addNameRange     '2.0.1',
134 silly addNameRange     '2.0.2',
134 silly addNameRange     '2.0.3',
134 silly addNameRange     '2.0.4',
134 silly addNameRange     '2.0.5',
134 silly addNameRange     '2.1.0',
134 silly addNameRange     '2.1.1',
134 silly addNameRange     '2.2.0',
134 silly addNameRange     '2.2.5',
134 silly addNameRange     '2.2.6',
134 silly addNameRange     '2.2.9',
134 silly addNameRange     '2.9.0',
134 silly addNameRange     '2.9.1',
134 silly addNameRange     '2.9.2',
134 silly addNameRange     '2.9.3',
134 silly addNameRange     '2.9.100',
134 silly addNameRange     '2.9.150',
134 silly addNameRange     '2.9.151',
134 silly addNameRange     '2.9.152',
134 silly addNameRange     '2.9.153',
134 silly addNameRange     '2.9.200',
134 silly addNameRange     '2.9.201',
134 silly addNameRange     '2.9.202',
134 silly addNameRange     '2.9.203',
134 silly addNameRange     '2.10.0',
134 silly addNameRange     '2.11.0',
134 silly addNameRange     '2.11.1',
134 silly addNameRange     '2.11.2',
134 silly addNameRange     '2.11.3',
134 silly addNameRange     '2.11.4',
134 silly addNameRange     '2.12.0',
134 silly addNameRange     '2.14.0',
134 silly addNameRange     '2.16.0',
134 silly addNameRange     '2.16.2',
134 silly addNameRange     '2.16.4',
134 silly addNameRange     '2.16.6',
134 silly addNameRange     '2.18.0',
134 silly addNameRange     '2.19.0',
134 silly addNameRange     '2.20.0',
134 silly addNameRange     '2.21.0',
134 silly addNameRange     '2.22.0',
134 silly addNameRange     '2.23.0',
134 silly addNameRange     '2.24.0',
134 silly addNameRange     '2.25.0',
134 silly addNameRange     '2.26.0',
134 silly addNameRange     '2.27.0',
134 silly addNameRange     '2.28.0',
134 silly addNameRange     '2.29.0',
134 silly addNameRange     '2.30.0',
134 silly addNameRange     '2.31.0',
134 silly addNameRange     '2.32.0',
134 silly addNameRange     '2.33.0',
134 silly addNameRange     '2.34.0',
134 silly addNameRange     '2.35.0',
134 silly addNameRange     '2.36.0',
134 silly addNameRange     '2.37.0',
134 silly addNameRange     '2.38.0',
134 silly addNameRange     '2.39.0',
134 silly addNameRange     '2.40.0',
134 silly addNameRange     '2.41.0',
134 silly addNameRange     '2.42.0',
134 silly addNameRange     '2.43.0',
134 silly addNameRange     '2.44.0',
134 silly addNameRange     '2.45.0',
134 silly addNameRange     '2.46.0',
134 silly addNameRange     '2.47.0',
134 silly addNameRange     '2.48.0',
134 silly addNameRange     '2.49.0',
134 silly addNameRange     '2.50.0',
134 silly addNameRange     '2.51.0' ] ]
135 verbose addNamed [ 'request', '2.51.0' ]
136 verbose addNamed [ '2.51.0', '2.51.0' ]
137 silly lockFile 85707acc-request-2-51-0 request@2.51.0
138 verbose lock request@2.51.0 /Users/henrywong/.npm/85707acc-request-2-51-0.lock
139 silly lockFile 85707acc-request-2-51-0 request@2.51.0
140 silly lockFile 85707acc-request-2-51-0 request@2.51.0
141 silly lockFile 760a03cb-request-2-51-0 request@^2.51.0
142 silly lockFile 760a03cb-request-2-51-0 request@^2.51.0
143 http 200 https://registry.npmjs.org/express
144 silly registry.get cb [ 200,
144 silly registry.get   { date: 'Sat, 24 Jan 2015 00:05:30 GMT',
144 silly registry.get     server: 'CouchDB/1.5.0 (Erlang OTP/R16B03)',
144 silly registry.get     etag: '"AMUW3AX4Q45VXNX1Z55ZSA8YO"',
144 silly registry.get     'content-type': 'application/json',
144 silly registry.get     'cache-control': 'max-age=60',
144 silly registry.get     'content-length': '463634',
144 silly registry.get     'accept-ranges': 'bytes',
144 silly registry.get     via: '1.1 varnish',
144 silly registry.get     age: '58',
144 silly registry.get     'x-served-by': 'cache-sjc3121-SJC',
144 silly registry.get     'x-cache': 'HIT',
144 silly registry.get     'x-cache-hits': '1',
144 silly registry.get     'x-timer': 'S1422057930.878676,VS0,VE2',
144 silly registry.get     vary: 'Accept',
144 silly registry.get     'keep-alive': 'timeout=10, max=50',
144 silly registry.get     connection: 'Keep-Alive' } ]
145 http 200 https://registry.npmjs.org/body-parser/-/body-parser-1.10.2.tgz
146 silly addNameRange number 2 { name: 'express', range: '>=4.11.1-0 <4.12.0-0', hasData: true }
147 silly addNameRange versions [ 'express',
147 silly addNameRange   [ '0.14.0',
147 silly addNameRange     '0.14.1',
147 silly addNameRange     '1.0.0',
147 silly addNameRange     '1.0.1',
147 silly addNameRange     '1.0.2',
147 silly addNameRange     '1.0.3',
147 silly addNameRange     '1.0.4',
147 silly addNameRange     '1.0.5',
147 silly addNameRange     '1.0.6',
147 silly addNameRange     '1.0.7',
147 silly addNameRange     '1.0.8',
147 silly addNameRange     '2.0.0',
147 silly addNameRange     '2.1.0',
147 silly addNameRange     '2.1.1',
147 silly addNameRange     '2.2.0',
147 silly addNameRange     '2.2.1',
147 silly addNameRange     '2.2.2',
147 silly addNameRange     '2.3.0',
147 silly addNameRange     '2.3.1',
147 silly addNameRange     '2.3.2',
147 silly addNameRange     '2.3.3',
147 silly addNameRange     '2.3.4',
147 silly addNameRange     '2.3.5',
147 silly addNameRange     '2.3.6',
147 silly addNameRange     '2.3.7',
147 silly addNameRange     '2.3.8',
147 silly addNameRange     '2.3.9',
147 silly addNameRange     '2.3.10',
147 silly addNameRange     '2.3.11',
147 silly addNameRange     '2.3.12',
147 silly addNameRange     '2.4.0',
147 silly addNameRange     '2.4.1',
147 silly addNameRange     '2.4.2',
147 silly addNameRange     '2.4.3',
147 silly addNameRange     '2.4.4',
147 silly addNameRange     '2.4.5',
147 silly addNameRange     '2.4.6',
147 silly addNameRange     '2.4.7',
147 silly addNameRange     '2.5.0',
147 silly addNameRange     '2.5.1',
147 silly addNameRange     '2.5.2',
147 silly addNameRange     '2.5.3',
147 silly addNameRange     '2.5.4',
147 silly addNameRange     '2.5.5',
147 silly addNameRange     '2.5.6',
147 silly addNameRange     '2.5.7',
147 silly addNameRange     '2.5.8',
147 silly addNameRange     '2.5.9',
147 silly addNameRange     '2.5.10',
147 silly addNameRange     '2.5.11',
147 silly addNameRange     '3.0.0',
147 silly addNameRange     '3.0.1',
147 silly addNameRange     '3.0.2',
147 silly addNameRange     '3.0.3',
147 silly addNameRange     '3.0.4',
147 silly addNameRange     '3.0.5',
147 silly addNameRange     '3.0.6',
147 silly addNameRange     '3.1.0',
147 silly addNameRange     '3.1.1',
147 silly addNameRange     '3.1.2',
147 silly addNameRange     '3.2.0',
147 silly addNameRange     '3.2.1',
147 silly addNameRange     '3.2.2',
147 silly addNameRange     '3.2.3',
147 silly addNameRange     '3.2.4',
147 silly addNameRange     '3.2.5',
147 silly addNameRange     '3.2.6',
147 silly addNameRange     '3.3.0',
147 silly addNameRange     '3.3.1',
147 silly addNameRange     '3.3.2',
147 silly addNameRange     '3.3.3',
147 silly addNameRange     '3.3.4',
147 silly addNameRange     '3.3.5',
147 silly addNameRange     '3.3.6',
147 silly addNameRange     '1.0.0-beta',
147 silly addNameRange     '1.0.0-beta2',
147 silly addNameRange     '1.0.0-rc',
147 silly addNameRange     '1.0.0-rc2',
147 silly addNameRange     '1.0.0-rc3',
147 silly addNameRange     '1.0.0-rc4',
147 silly addNameRange     '2.0.0-beta',
147 silly addNameRange     '2.0.0-beta2',
147 silly addNameRange     '2.0.0-beta3',
147 silly addNameRange     '2.0.0-rc',
147 silly addNameRange     '2.0.0-rc2',
147 silly addNameRange     '2.0.0-rc3',
147 silly addNameRange     '3.0.0-alpha1',
147 silly addNameRange     '3.0.0-alpha2',
147 silly addNameRange     '3.0.0-alpha3',
147 silly addNameRange     '3.0.0-alpha4',
147 silly addNameRange     '3.0.0-alpha5',
147 silly addNameRange     '3.0.0-beta1',
147 silly addNameRange     '3.0.0-beta2',
147 silly addNameRange     '3.0.0-beta3',
147 silly addNameRange     '3.0.0-beta4',
147 silly addNameRange     '3.0.0-beta6',
147 silly addNameRange     '3.0.0-beta7',
147 silly addNameRange     '3.0.0-rc1',
147 silly addNameRange     '3.0.0-rc2',
147 silly addNameRange     '3.0.0-rc3',
147 silly addNameRange     '3.0.0-rc4',
147 silly addNameRange     '3.0.0-rc5',
147 silly addNameRange     '3.3.7',
147 silly addNameRange     '3.3.8',
147 silly addNameRange     '3.4.0',
147 silly addNameRange     '3.4.1',
147 silly addNameRange     '3.4.2',
147 silly addNameRange     '3.4.3',
147 silly addNameRange     '3.4.4',
147 silly addNameRange     '3.4.5',
147 silly addNameRange     '3.4.6',
147 silly addNameRange     '3.4.7',
147 silly addNameRange     '3.4.8',
147 silly addNameRange     '4.0.0-rc1',
147 silly addNameRange     '4.0.0-rc2',
147 silly addNameRange     '3.5.0',
147 silly addNameRange     '4.0.0-rc3',
147 silly addNameRange     '4.0.0-rc4',
147 silly addNameRange     '3.5.1',
147 silly addNameRange     '4.0.0',
147 silly addNameRange     '3.5.2',
147 silly addNameRange     '4.1.0',
147 silly addNameRange     '4.1.1',
147 silly addNameRange     '3.5.3',
147 silly addNameRange     '4.1.2',
147 silly addNameRange     '3.6.0',
147 silly addNameRange     '4.2.0',
147 silly addNameRange     '3.7.0',
147 silly addNameRange     '3.8.0',
147 silly addNameRange     '4.3.0',
147 silly addNameRange     '4.3.1',
147 silly addNameRange     '3.8.1',
147 silly addNameRange     '4.3.2',
147 silly addNameRange     '3.9.0',
147 silly addNameRange     '4.4.0',
147 silly addNameRange     '4.4.1',
147 silly addNameRange     '3.10.0',
147 silly addNameRange     '3.10.1',
147 silly addNameRange     '3.10.2',
147 silly addNameRange     '3.10.3',
147 silly addNameRange     '3.10.4',
147 silly addNameRange     '4.4.2',
147 silly addNameRange     '3.10.5',
147 silly addNameRange     '4.4.3',
147 silly addNameRange     '3.11.0',
147 silly addNameRange     '4.4.4',
147 silly addNameRange     '3.12.0',
147 silly addNameRange     '3.12.1',
147 silly addNameRange     '4.4.5',
147 silly addNameRange     '3.13.0',
147 silly addNameRange     '4.5.0',
147 silly addNameRange     '4.5.1',
147 silly addNameRange     '3.14.0',
147 silly addNameRange     '4.6.0',
147 silly addNameRange     '4.6.1',
147 silly addNameRange     '3.15.0',
147 silly addNameRange     '4.7.0',
147 silly addNameRange     '3.15.1',
147 silly addNameRange     '4.7.1',
147 silly addNameRange     '3.15.2',
147 silly addNameRange     '4.7.2',
147 silly addNameRange     '4.7.3',
147 silly addNameRange     '3.15.3',
147 silly addNameRange     '4.7.4',
147 silly addNameRange     '3.16.0',
147 silly addNameRange     '4.8.0',
147 silly addNameRange     '3.16.1',
147 silly addNameRange     '4.8.1',
147 silly addNameRange     '3.16.2',
147 silly addNameRange     '4.8.2',
147 silly addNameRange     '3.16.3',
147 silly addNameRange     '3.16.4',
147 silly addNameRange     '4.8.3',
147 silly addNameRange     '3.16.5',
147 silly addNameRange     '3.16.6',
147 silly addNameRange     '4.8.4',
147 silly addNameRange     '3.16.7',
147 silly addNameRange     '4.8.5',
147 silly addNameRange     '3.16.8',
147 silly addNameRange     '4.8.6',
147 silly addNameRange     '3.16.9',
147 silly addNameRange     '4.8.7',
147 silly addNameRange     '3.16.10',
147 silly addNameRange     '4.8.8',
147 silly addNameRange     '3.17.0',
147 silly addNameRange     '3.17.1',
147 silly addNameRange     '4.9.0',
147 silly addNameRange     '3.17.2',
147 silly addNameRange     '4.9.1',
147 silly addNameRange     '4.9.2',
147 silly addNameRange     '3.17.3',
147 silly addNameRange     '4.9.3',
147 silly addNameRange     '3.17.4',
147 silly addNameRange     '4.9.4',
147 silly addNameRange     '3.17.5',
147 silly addNameRange     '4.9.5',
147 silly addNameRange     '3.17.6',
147 silly addNameRange     '3.17.7',
147 silly addNameRange     '4.9.6',
147 silly addNameRange     '4.9.7',
147 silly addNameRange     '3.17.8',
147 silly addNameRange     '4.9.8',
147 silly addNameRange     '3.18.0',
147 silly addNameRange     '3.18.1',
147 silly addNameRange     '4.10.0',
147 silly addNameRange     '3.18.2',
147 silly addNameRange     '4.10.1',
147 silly addNameRange     '5.0.0-alpha.1',
147 silly addNameRange     '3.18.3',
147 silly addNameRange     '4.10.2',
147 silly addNameRange     '3.18.4',
147 silly addNameRange     '4.10.3',
147 silly addNameRange     '4.10.4',
147 silly addNameRange     '4.10.5',
147 silly addNameRange     '3.18.5',
147 silly addNameRange     '3.18.6',
147 silly addNameRange     '4.10.6',
147 silly addNameRange     '4.10.7',
147 silly addNameRange     '3.19.0',
147 silly addNameRange     '4.10.8',
147 silly addNameRange     '4.11.0',
147 silly addNameRange     '3.19.1',
147 silly addNameRange     '4.11.1' ] ]
148 verbose addNamed [ 'express', '4.11.1' ]
149 verbose addNamed [ '4.11.1', '4.11.1' ]
150 silly lockFile 08bdadd9-express-4-11-1 express@4.11.1
151 verbose lock express@4.11.1 /Users/henrywong/.npm/08bdadd9-express-4-11-1.lock
152 silly lockFile 76df2ab8-dy-parser-body-parser-1-10-2-tgz https://registry.npmjs.org/body-parser/-/body-parser-1.10.2.tgz
153 silly lockFile 76df2ab8-dy-parser-body-parser-1-10-2-tgz https://registry.npmjs.org/body-parser/-/body-parser-1.10.2.tgz
154 silly lockFile 6255e82a-body-parser-1-10-2 body-parser@1.10.2
155 silly lockFile 6255e82a-body-parser-1-10-2 body-parser@1.10.2
156 silly lockFile e7152fb6-s-org-express-express-4-11-1-tgz https://registry.npmjs.org/express/-/express-4.11.1.tgz
157 verbose lock https://registry.npmjs.org/express/-/express-4.11.1.tgz /Users/henrywong/.npm/e7152fb6-s-org-express-express-4-11-1-tgz.lock
158 silly lockFile d5d6cae9-body-parser-1-10-2 body-parser@^1.10.2
159 silly lockFile d5d6cae9-body-parser-1-10-2 body-parser@^1.10.2
160 verbose addRemoteTarball [ 'https://registry.npmjs.org/express/-/express-4.11.1.tgz',
160 verbose addRemoteTarball   '36d04dd27aa1667634e987529767f9c99de7903f' ]
161 info retry fetch attempt 1 at 16:05:30
162 verbose fetch to= /var/folders/mt/kwq0tj_j38zcwv_sj2prctfr0000gn/T/npm-4540-vs6UgbJW/registry.npmjs.org/express/-/express-4.11.1.tgz
163 http GET https://registry.npmjs.org/express/-/express-4.11.1.tgz
164 http 200 https://registry.npmjs.org/sequelize
165 silly registry.get cb [ 200,
165 silly registry.get   { date: 'Sat, 24 Jan 2015 00:05:30 GMT',
165 silly registry.get     server: 'CouchDB/1.5.0 (Erlang OTP/R16B03)',
165 silly registry.get     etag: '"30UKN928A7MGIFR7UWE24H12Q"',
165 silly registry.get     'content-type': 'application/json',
165 silly registry.get     'cache-control': 'max-age=60',
165 silly registry.get     'content-length': '184387',
165 silly registry.get     'accept-ranges': 'bytes',
165 silly registry.get     via: '1.1 varnish',
165 silly registry.get     age: '0',
165 silly registry.get     'x-served-by': 'cache-sjc3128-SJC',
165 silly registry.get     'x-cache': 'HIT',
165 silly registry.get     'x-cache-hits': '1',
165 silly registry.get     'x-timer': 'S1422057930.879060,VS0,VE88',
165 silly registry.get     vary: 'Accept',
165 silly registry.get     'keep-alive': 'timeout=10, max=50',
165 silly registry.get     connection: 'Keep-Alive' } ]
166 silly addNameRange number 2 { name: 'sequelize',
166 silly addNameRange   range: '>=2.0.0-rc8 <3.0.0-0',
166 silly addNameRange   hasData: true }
167 silly addNameRange versions [ 'sequelize',
167 silly addNameRange   [ '0.2.2',
167 silly addNameRange     '0.2.3',
167 silly addNameRange     '0.2.4',
167 silly addNameRange     '0.2.5',
167 silly addNameRange     '0.2.6',
167 silly addNameRange     '0.3.0',
167 silly addNameRange     '0.4.0',
167 silly addNameRange     '0.4.1',
167 silly addNameRange     '0.4.2',
167 silly addNameRange     '0.4.3',
167 silly addNameRange     '1.0.0',
167 silly addNameRange     '1.0.1',
167 silly addNameRange     '1.0.2',
167 silly addNameRange     '1.1.0',
167 silly addNameRange     '1.1.1',
167 silly addNameRange     '1.1.2',
167 silly addNameRange     '1.1.3',
167 silly addNameRange     '1.1.4',
167 silly addNameRange     '1.2.0',
167 silly addNameRange     '1.2.1',
167 silly addNameRange     '1.3.0',
167 silly addNameRange     '1.3.1',
167 silly addNameRange     '1.3.2',
167 silly addNameRange     '1.3.3',
167 silly addNameRange     '1.3.4',
167 silly addNameRange     '1.3.5',
167 silly addNameRange     '1.3.6',
167 silly addNameRange     '1.3.7',
167 silly addNameRange     '1.4.0',
167 silly addNameRange     '1.4.1',
167 silly addNameRange     '1.5.0-alpha',
167 silly addNameRange     '1.5.0-beta',
167 silly addNameRange     '1.5.0-beta-2',
167 silly addNameRange     '1.5.0',
167 silly addNameRange     '1.6.0-alpha-1',
167 silly addNameRange     '1.6.0-alpha-2',
167 silly addNameRange     '1.6.0-alpha-3',
167 silly addNameRange     '1.6.0-beta-1',
167 silly addNameRange     '1.6.0-beta-2',
167 silly addNameRange     '1.6.0-beta-3',
167 silly addNameRange     '1.6.0-beta4',
167 silly addNameRange     '1.6.0',
167 silly addNameRange     '1.7.0-alpha1',
167 silly addNameRange     '1.7.0-alpha2',
167 silly addNameRange     '2.0.0-alpha1',
167 silly addNameRange     '2.0.0-alpha2',
167 silly addNameRange     '1.7.0-alpha3',
167 silly addNameRange     '2.0.0-alpha3',
167 silly addNameRange     '1.7.0-beta.0',
167 silly addNameRange     '2.0.0-beta.0',
167 silly addNameRange     '1.7.0-beta.1',
167 silly addNameRange     '2.0.0-beta.1',
167 silly addNameRange     '1.7.0-beta.2',
167 silly addNameRange     '2.0.0-beta.2',
167 silly addNameRange     '1.7.0-beta.3b',
167 silly addNameRange     '2.0.0-beta.3',
167 silly addNameRange     '1.7.0-beta.4a',
167 silly addNameRange     '2.0.0-beta.4',
167 silly addNameRange     '1.7.0-beta.5',
167 silly addNameRange     '2.0.0-beta.5',
167 silly addNameRange     '1.7.0-beta6',
167 silly addNameRange     '2.0.0-beta.6',
167 silly addNameRange     '1.7.0-beta7',
167 silly addNameRange     '2.0.0-beta.7',
167 silly addNameRange     '2.0.0-beta.8',
167 silly addNameRange     '1.7.0-beta8',
167 silly addNameRange     '1.7.0-rc1',
167 silly addNameRange     '2.0.0-dev1',
167 silly addNameRange     '1.7.0-rc2',
167 silly addNameRange     '2.0.0-dev2',
167 silly addNameRange     '1.7.0-rc3',
167 silly addNameRange     '2.0.0-dev3',
167 silly addNameRange     '1.7.0-rc4',
167 silly addNameRange     '2.0.0-dev4',
167 silly addNameRange     '2.0.0-dev5',
167 silly addNameRange     '1.7.0-rc5',
167 silly addNameRange     '1.7.0-rc6',
167 silly addNameRange     '2.0.0-dev6',
167 silly addNameRange     '2.0.0-dev7',
167 silly addNameRange     '1.7.0-rc7',
167 silly addNameRange     '2.0.0-dev8',
167 silly addNameRange     '1.7.0-rc8',
167 silly addNameRange     '1.7.0-rc9',
167 silly addNameRange     '2.0.0-dev9',
167 silly addNameRange     '2.0.0-dev10',
167 silly addNameRange     '1.7.0',
167 silly addNameRange     '1.7.1',
167 silly addNameRange     '1.7.2',
167 silly addNameRange     '1.7.3',
167 silly addNameRange     '2.0.0-dev11',
167 silly addNameRange     '1.7.4',
167 silly addNameRange     '1.7.5',
167 silly addNameRange     '1.7.7',
167 silly addNameRange     '1.7.8',
167 silly addNameRange     '1.7.9',
167 silly addNameRange     '2.0.0-dev12',
167 silly addNameRange     '1.7.10',
167 silly addNameRange     '2.0.0-dev13',
167 silly addNameRange     '2.0.0-rc1',
167 silly addNameRange     '2.0.0-rc2',
167 silly addNameRange     '2.0.0-rc3',
167 silly addNameRange     '2.0.0-rc4',
167 silly addNameRange     '2.0.0-rc5',
167 silly addNameRange     '2.0.0-rc6',
167 silly addNameRange     '2.0.0-rc7',
167 silly addNameRange     '2.0.0-rc8' ] ]
168 verbose addNamed [ 'sequelize', '2.0.0-rc8' ]
169 verbose addNamed [ '2.0.0-rc8', '2.0.0-rc8' ]
170 silly lockFile 66f5ac73-sequelize-2-0-0-rc8 sequelize@2.0.0-rc8
171 verbose lock sequelize@2.0.0-rc8 /Users/henrywong/.npm/66f5ac73-sequelize-2-0-0-rc8.lock
172 silly lockFile 80703ad4-equelize-sequelize-2-0-0-rc8-tgz https://registry.npmjs.org/sequelize/-/sequelize-2.0.0-rc8.tgz
173 verbose lock https://registry.npmjs.org/sequelize/-/sequelize-2.0.0-rc8.tgz /Users/henrywong/.npm/80703ad4-equelize-sequelize-2-0-0-rc8-tgz.lock
174 verbose addRemoteTarball [ 'https://registry.npmjs.org/sequelize/-/sequelize-2.0.0-rc8.tgz',
174 verbose addRemoteTarball   '90920352cf1845a10729233dad3a368e5db58ec5' ]
175 info retry fetch attempt 1 at 16:05:31
176 verbose fetch to= /var/folders/mt/kwq0tj_j38zcwv_sj2prctfr0000gn/T/npm-4540-vs6UgbJW/registry.npmjs.org/sequelize/-/sequelize-2.0.0-rc8.tgz
177 http GET https://registry.npmjs.org/sequelize/-/sequelize-2.0.0-rc8.tgz
178 http 200 https://registry.npmjs.org/express/-/express-4.11.1.tgz
179 http 200 https://registry.npmjs.org/sequelize/-/sequelize-2.0.0-rc8.tgz
180 silly lockFile e7152fb6-s-org-express-express-4-11-1-tgz https://registry.npmjs.org/express/-/express-4.11.1.tgz
181 silly lockFile e7152fb6-s-org-express-express-4-11-1-tgz https://registry.npmjs.org/express/-/express-4.11.1.tgz
182 silly lockFile 08bdadd9-express-4-11-1 express@4.11.1
183 silly lockFile 08bdadd9-express-4-11-1 express@4.11.1
184 silly lockFile 494d735c-express-4-11-1 express@~4.11.1
185 silly lockFile 494d735c-express-4-11-1 express@~4.11.1
186 silly lockFile 80703ad4-equelize-sequelize-2-0-0-rc8-tgz https://registry.npmjs.org/sequelize/-/sequelize-2.0.0-rc8.tgz
187 silly lockFile 80703ad4-equelize-sequelize-2-0-0-rc8-tgz https://registry.npmjs.org/sequelize/-/sequelize-2.0.0-rc8.tgz
188 silly lockFile 66f5ac73-sequelize-2-0-0-rc8 sequelize@2.0.0-rc8
189 silly lockFile 66f5ac73-sequelize-2-0-0-rc8 sequelize@2.0.0-rc8
190 silly lockFile 3b5745d6-sequelize-2-0-0-rc8 sequelize@^2.0.0-rc8
191 silly lockFile 3b5745d6-sequelize-2-0-0-rc8 sequelize@^2.0.0-rc8
192 error Error: EACCES, mkdir '/Users/henrywong/.npm/body-parser/1.10.2'
192 error  { [Error: EACCES, mkdir '/Users/henrywong/.npm/body-parser/1.10.2']
192 error   errno: 3,
192 error   code: 'EACCES',
192 error   path: '/Users/henrywong/.npm/body-parser/1.10.2',
192 error   parent: 'CriticalShadow' }
193 error Please try running this command again as root/Administrator.
194 error System Darwin 13.4.0
195 error command "node" "/usr/local/bin/npm" "install"
196 error cwd /Users/henrywong/Desktop/CriticalShadow/server
197 error node -v v0.10.35
198 error npm -v 1.4.28
199 error path /Users/henrywong/.npm/body-parser/1.10.2
200 error code EACCES
201 error errno 3
202 error stack Error: EACCES, mkdir '/Users/henrywong/.npm/body-parser/1.10.2'
203 verbose exit [ 3, true ]
